<?xml version="1.0" encoding="UTF-8"?>
<testsuite xmlns:xsi="http://www.w3.org/2001/XMLSchema-instance" xsi:noNamespaceSchemaLocation="https://maven.apache.org/surefire/maven-surefire-plugin/xsd/surefire-test-report.xsd" name="com.ins09.PluginTest" time="0.019" tests="1" errors="0" skipped="0" failures="0">
  <properties>
    <property name="java.specification.version" value="16"/>
    <property name="sun.cpu.isalist" value="amd64"/>
    <property name="sun.jnu.encoding" value="Cp1252"/>
    <property name="java.class.path" value="c:\Users\Yeremi Roman\Desktop\Plugins\dynamicrename\target\test-classes;c:\Users\Yeremi Roman\Desktop\Plugins\dynamicrename\target\classes;C:\Users\Yeremi Roman\.m2\repository\junit\junit\4.11\junit-4.11.jar;C:\Users\Yeremi Roman\.m2\repository\org\hamcrest\hamcrest-core\1.3\hamcrest-core-1.3.jar;C:\Users\Yeremi Roman\.m2\repository\org\spigotmc\spigot-api\1.16.5-R0.1-SNAPSHOT\spigot-api-1.16.5-R0.1-SNAPSHOT.jar;C:\Users\Yeremi Roman\.m2\repository\commons-lang\commons-lang\2.6\commons-lang-2.6.jar;C:\Users\Yeremi Roman\.m2\repository\com\google\guava\guava\21.0\guava-21.0.jar;C:\Users\Yeremi Roman\.m2\repository\com\google\code\gson\gson\2.8.0\gson-2.8.0.jar;C:\Users\Yeremi Roman\.m2\repository\net\md-5\bungeecord-chat\1.16-R0.4\bungeecord-chat-1.16-R0.4.jar;C:\Users\Yeremi Roman\.m2\repository\org\yaml\snakeyaml\1.27\snakeyaml-1.27.jar;"/>
    <property name="java.vm.vendor" value="Eclipse Foundation"/>
    <property name="sun.arch.data.model" value="64"/>
    <property name="user.variant" value=""/>
    <property name="java.vendor.url" value="https://adoptium.net/"/>
    <property name="user.timezone" value="Europe/Madrid"/>
    <property name="os.name" value="Windows 10"/>
    <property name="java.vm.specification.version" value="16"/>
    <property name="sun.java.launcher" value="SUN_STANDARD"/>
    <property name="user.country" value="ES"/>
    <property name="sun.boot.library.path" value="C:\Program Files\Eclipse Foundation\jdk-16.0.2.7-hotspot\bin"/>
    <property name="sun.java.command" value="C:\Users\YEREMI~1\AppData\Local\Temp\surefire389995256276881427\surefirebooter717643590865381216.jar C:\Users\Yeremi Roman\AppData\Local\Temp\surefire389995256276881427 2023-09-25T13-08-24_830-jvmRun1 surefire8804029170997862621tmp surefire_07754477347258487696tmp"/>
    <property name="jdk.debug" value="release"/>
    <property name="surefire.test.class.path" value="c:\Users\Yeremi Roman\Desktop\Plugins\dynamicrename\target\test-classes;c:\Users\Yeremi Roman\Desktop\Plugins\dynamicrename\target\classes;C:\Users\Yeremi Roman\.m2\repository\junit\junit\4.11\junit-4.11.jar;C:\Users\Yeremi Roman\.m2\repository\org\hamcrest\hamcrest-core\1.3\hamcrest-core-1.3.jar;C:\Users\Yeremi Roman\.m2\repository\org\spigotmc\spigot-api\1.16.5-R0.1-SNAPSHOT\spigot-api-1.16.5-R0.1-SNAPSHOT.jar;C:\Users\Yeremi Roman\.m2\repository\commons-lang\commons-lang\2.6\commons-lang-2.6.jar;C:\Users\Yeremi Roman\.m2\repository\com\google\guava\guava\21.0\guava-21.0.jar;C:\Users\Yeremi Roman\.m2\repository\com\google\code\gson\gson\2.8.0\gson-2.8.0.jar;C:\Users\Yeremi Roman\.m2\repository\net\md-5\bungeecord-chat\1.16-R0.4\bungeecord-chat-1.16-R0.4.jar;C:\Users\Yeremi Roman\.m2\repository\org\yaml\snakeyaml\1.27\snakeyaml-1.27.jar;"/>
    <property name="sun.cpu.endian" value="little"/>
    <property name="user.home" value="C:\Users\Yeremi Roman"/>
    <property name="user.language" value="es"/>
    <property name="java.specification.vendor" value="Oracle Corporation"/>
    <property name="java.version.date" value="2021-07-20"/>
    <property name="java.home" value="C:\Program Files\Eclipse Foundation\jdk-16.0.2.7-hotspot"/>
    <property name="file.separator" value="\"/>
    <property name="basedir" value="c:\Users\Yeremi Roman\Desktop\Plugins\dynamicrename"/>
    <property name="java.vm.compressedOopsMode" value="Zero based"/>
    <property name="line.separator" value="&#10;"/>
    <property name="java.vm.specification.vendor" value="Oracle Corporation"/>
    <property name="java.specification.name" value="Java Platform API Specification"/>
    <property name="surefire.real.class.path" value="C:\Users\YEREMI~1\AppData\Local\Temp\surefire389995256276881427\surefirebooter717643590865381216.jar"/>
    <property name="user.script" value=""/>
    <property name="sun.management.compiler" value="HotSpot 64-Bit Tiered Compilers"/>
    <property name="java.runtime.version" value="16.0.2+7"/>
    <property name="user.name" value="Yeremi Roman"/>
    <property name="path.separator" value=";"/>
    <property name="os.version" value="10.0"/>
    <property name="java.runtime.name" value="OpenJDK Runtime Environment"/>
    <property name="file.encoding" value="Cp1252"/>
    <property name="java.vm.name" value="OpenJDK 64-Bit Server VM"/>
    <property name="java.vendor.version" value="Temurin-16.0.2+7"/>
    <property name="localRepository" value="C:\Users\Yeremi Roman\.m2\repository"/>
    <property name="java.vendor.url.bug" value="https://github.com/adoptium/adoptium-support/issues"/>
    <property name="java.io.tmpdir" value="C:\Users\YEREMI~1\AppData\Local\Temp\"/>
    <property name="java.version" value="16.0.2"/>
    <property name="user.dir" value="c:\Users\Yeremi Roman\Desktop\Plugins\dynamicrename"/>
    <property name="os.arch" value="amd64"/>
    <property name="java.vm.specification.name" value="Java Virtual Machine Specification"/>
    <property name="sun.os.patch.level" value=""/>
    <property name="java.library.path" value="C:\Program Files\Eclipse Foundation\jdk-16.0.2.7-hotspot\bin;C:\WINDOWS\Sun\Java\bin;C:\WINDOWS\system32;C:\WINDOWS;C:\Users\Yeremi Roman\bin;C:\Program Files\Git\mingw64\bin;C:\Program Files\Git\usr\local\bin;C:\Program Files\Git\usr\bin;C:\Program Files\Git\usr\bin;C:\Program Files\Git\mingw64\bin;C:\Program Files\Git\usr\bin;C:\Users\Yeremi Roman\bin;C:\Program Files\Eclipse Foundation\jdk-16.0.2.7-hotspot\bin;C:\WINDOWS\system32;C:\WINDOWS;C:\WINDOWS\System32\Wbem;C:\WINDOWS\System32\WindowsPowerShell\v1.0;C:\WINDOWS\System32\OpenSSH;C:\Program Files (x86)\NVIDIA Corporation\PhysX\Common;C:\Program Files\Git\cmd;C:\Program Files\NVIDIA Corporation\NVIDIA NvDLISR;C:\Program Files\apache-maven-3.9.4\bin;C:\Users\Yeremi Roman\AppData\Local\Microsoft\WindowsApps;C:\Users\Yeremi Roman\AppData\Local\Programs\Microsoft VS Code\bin;C:\Program Files\Git\usr\bin\vendor_perl;C:\Program Files\Git\usr\bin\core_perl;."/>
    <property name="java.vm.info" value="mixed mode, sharing"/>
    <property name="java.vendor" value="Eclipse Foundation"/>
    <property name="java.vm.version" value="16.0.2+7"/>
    <property name="sun.io.unicode.encoding" value="UnicodeLittle"/>
    <property name="java.class.version" value="60.0"/>
  </properties>
  <testcase name="shouldAnswerWithTrue" classname="com.ins09.PluginTest" time="0.001"/>
</testsuite>